2025-01-15 18:41:14 [ERROR]: Get Users failed: Invalid status code: Users retrieved successfully
2025-01-15 18:48:20 [ERROR]: Error creating user: E11000 duplicate key error collection: Vue.users index: username_1 dup key: { username: "minhtrung" }
2025-01-15 18:49:06 [ERROR]: Error creating user: E11000 duplicate key error collection: Vue.users index: username_1 dup key: { username: "minhtrung" }
2025-01-15 18:49:18 [ERROR]: Error creating user: E11000 duplicate key error collection: Vue.users index: username_1 dup key: { username: "minhtrung" }
2025-01-15 18:49:52 [ERROR]: Error creating user: Invalid status code: User created successfully
2025-01-15 18:50:14 [ERROR]: Error creating user: E11000 duplicate key error collection: Vue.users index: username_1 dup key: { username: "minhtrung1" }
2025-01-15 18:52:16 [ERROR]: Error creating user: Invalid status code: User created successfully
2025-01-15 18:53:05 [ERROR]: User not found
2025-01-15 18:53:15 [ERROR]: Error creating user: Invalid status code: Username is already taken
2025-01-15 18:55:38 [ERROR]: Error creating user: Invalid status code: Username is already taken
2025-01-15 18:57:49 [ERROR]: Error creating user: Invalid status code: Username is already taken
2025-01-15 18:59:25 [ERROR]: Error creating user: Invalid status code: Username is already taken
2025-01-15 19:00:34 [ERROR]: Error creating user: Invalid status code: Username is already taken
2025-01-15 19:03:30 [ERROR]: Error creating user: Invalid status code: User created successfully
2025-01-15 19:07:29 [ERROR]: Username cannot be updated
2025-01-15 23:23:48 [ERROR]: Error sending message: Cast to ObjectId failed for value "1" (type number) at path "_id" for model "Group"
2025-01-15 23:24:34 [ERROR]: Error sending message: Cast to ObjectId failed for value "1" (type number) at path "_id" for model "Group"
2025-01-15 23:24:57 [ERROR]: Error sending message: Message validation failed: sender: Cast to ObjectId failed for value "{ id: '4' }" (type Object) at path "sender" because of "BSONError", group: Cast to ObjectId failed for value "3" (type number) at path "group" because of "BSONError"
2025-01-15 23:25:43 [ERROR]: Error sending message: Message validation failed: sender: Cast to ObjectId failed for value "{ id: '4' }" (type Object) at path "sender" because of "BSONError", group: Cast to ObjectId failed for value "3" (type number) at path "group" because of "BSONError"
2025-01-15 23:27:40 [ERROR]: Error sending message: Message validation failed: sender: Cast to ObjectId failed for value "{ id: '4' }" (type Object) at path "sender" because of "BSONError", group: Cast to ObjectId failed for value "3" (type number) at path "group" because of "BSONError"
2025-01-15 23:30:45 [ERROR]: Error sending message: Message validation failed: sender: Cast to ObjectId failed for value "{ id: '4' }" (type Object) at path "sender" because of "BSONError", group: Cast to ObjectId failed for value "3" (type number) at path "group" because of "BSONError"
2025-01-15 23:31:28 [ERROR]: Error sending message: Message validation failed: sender: Cast to ObjectId failed for value "{ id: '4' }" (type Object) at path "sender" because of "BSONError", group: Cast to ObjectId failed for value "3" (type number) at path "group" because of "BSONError"
2025-01-15 23:32:41 [ERROR]: Error sending message: Message validation failed: sender: Cast to ObjectId failed for value "{ id: '4' }" (type Object) at path "sender" because of "BSONError", group: Cast to ObjectId failed for value "3" (type number) at path "group" because of "BSONError"
2025-01-15 23:34:35 [ERROR]: Error sending message: Message validation failed: sender: Cast to ObjectId failed for value "{ id: '4' }" (type Object) at path "sender" because of "BSONError", group: Cast to ObjectId failed for value "3" (type number) at path "group" because of "BSONError"
2025-01-15 23:34:48 [ERROR]: Error sending message: Message validation failed: sender: Cast to ObjectId failed for value "{ id: '4' }" (type Object) at path "sender" because of "BSONError", group: Cast to ObjectId failed for value "3" (type number) at path "group" because of "BSONError"
2025-01-15 23:35:04 [ERROR]: Error sending message: Message validation failed: sender: Cast to ObjectId failed for value "{ id: '4' }" (type Object) at path "sender" because of "BSONError", group: Cast to ObjectId failed for value "3" (type number) at path "group" because of "BSONError"
2025-01-15 23:43:42 [ERROR]: Error sending message: Message validation failed: sender: Cast to ObjectId failed for value "{ id: '678797218e384d3801682b3f' }" (type Object) at path "sender" because of "BSONError"
2025-01-15 23:46:42 [ERROR]: Error sending message: Message validation failed: sender: Cast to ObjectId failed for value "{ id: '678797218e384d3801682b3f' }" (type Object) at path "sender" because of "BSONError"
2025-01-15 23:47:47 [ERROR]: Error sending message: Message validation failed: sender: Cast to ObjectId failed for value "{ id: '678797218e384d3801682b3f' }" (type Object) at path "sender" because of "BSONError"
2025-01-15 23:48:45 [ERROR]: Error sending message: Message validation failed: sender: Cast to ObjectId failed for value "{ id: '678797218e384d3801682b3f' }" (type Object) at path "sender" because of "BSONError"
2025-01-15 23:49:36 [ERROR]: Error sending message: Message validation failed: sender: Cast to ObjectId failed for value "{ id: '678797218e384d3801682b3f' }" (type Object) at path "sender" because of "BSONError"
2025-01-16 09:59:41 [ERROR]: CORS request rejected from http://localhost:3000
2025-01-16 09:59:41 [ERROR]: Error occurred: Not allowed by CORS
2025-01-16 09:59:47 [ERROR]: CORS request rejected from http://localhost:3000
2025-01-16 09:59:47 [ERROR]: Error occurred: Not allowed by CORS
2025-01-16 10:01:51 [ERROR]: CORS request rejected from http://localhost:3000
2025-01-16 10:01:51 [ERROR]: Error occurred: Not allowed by CORS
2025-01-16 10:02:19 [ERROR]: CORS request rejected from http://localhost:3000
2025-01-16 10:02:19 [ERROR]: Error occurred: Not allowed by CORS
2025-01-16 10:03:01 [ERROR]: CORS request rejected from http://localhost:3000
2025-01-16 10:03:01 [ERROR]: Error occurred: Not allowed by CORS
2025-01-16 10:03:20 [ERROR]: CORS request rejected from http://localhost:3000
2025-01-16 10:03:20 [ERROR]: Error occurred: Not allowed by CORS
2025-01-16 10:07:41 [ERROR]: CORS request rejected from http://localhost:3000
2025-01-16 10:07:41 [ERROR]: Error occurred: Not allowed by CORS
2025-01-16 10:07:48 [ERROR]: CORS request rejected from http://localhost:3000
2025-01-16 10:07:48 [ERROR]: Error occurred: Not allowed by CORS
2025-01-16 10:07:50 [ERROR]: CORS request rejected from http://localhost:3000
2025-01-16 10:07:50 [ERROR]: Error occurred: Not allowed by CORS
2025-01-16 10:10:20 [ERROR]: CORS request rejected from http://localhost:3000
2025-01-16 10:10:20 [ERROR]: Error occurred: Not allowed by CORS
2025-01-16 10:10:20 [ERROR]: CORS request rejected from http://localhost:3000
2025-01-16 10:10:20 [ERROR]: Error occurred: Not allowed by CORS
2025-01-16 10:10:36 [ERROR]: CORS request rejected from http://localhost:3000
2025-01-16 10:10:36 [ERROR]: Error occurred: Not allowed by CORS
2025-01-16 10:11:04 [ERROR]: CORS request rejected from http://localhost:3000
2025-01-16 10:11:04 [ERROR]: Error occurred: Not allowed by CORS
2025-01-16 10:11:53 [ERROR]: Registration error: User validation failed: email: Path `email` is required., firstname: Path `firstname` is required., lastname: Path `lastname` is required., phone: Path `phone` is required.
2025-01-16 10:12:58 [ERROR]: Registration error: User validation failed: email: Path `email` is required.
2025-01-16 10:13:05 [ERROR]: Registration error: User validation failed: email: Path `email` is required.
2025-01-16 10:14:47 [ERROR]: Registration error: User validation failed: email: Path `email` is required.
2025-01-16 10:15:15 [ERROR]: Registration error: User validation failed: email: Path `email` is required.
2025-01-16 10:16:00 [ERROR]: Registration error: User validation failed: email: Path `email` is required.
2025-01-16 11:24:31 [ERROR]: Create project error: Project validation failed: created_by: Path `created_by` is required.
2025-01-16 11:24:35 [ERROR]: Create project error: Project validation failed: name: Path `name` is required., description: Path `description` is required., created_by: Path `created_by` is required.
2025-01-16 11:25:11 [ERROR]: Create project error: Project validation failed: created_by: Path `created_by` is required.
2025-01-16 11:25:14 [ERROR]: Create project error: Project validation failed: name: Path `name` is required., description: Path `description` is required., created_by: Path `created_by` is required.
2025-01-16 11:25:18 [ERROR]: Create project error: Project validation failed: name: Path `name` is required., description: Path `description` is required., created_by: Path `created_by` is required.
2025-01-16 11:25:21 [ERROR]: Create project error: Project validation failed: description: Path `description` is required., created_by: Path `created_by` is required.
2025-01-16 11:26:04 [ERROR]: Create project error: Project validation failed: created_by: Path `created_by` is required.
2025-01-16 11:27:35 [ERROR]: Create project error: Project validation failed: created_by: Path `created_by` is required.
2025-01-16 11:27:52 [ERROR]: Create project error: Project validation failed: name: Path `name` is required., description: Path `description` is required., created_by: Path `created_by` is required.
2025-01-16 11:27:53 [ERROR]: Create project error: Project validation failed: name: Path `name` is required., description: Path `description` is required., created_by: Path `created_by` is required.
2025-01-16 11:27:54 [ERROR]: Create project error: Project validation failed: name: Path `name` is required., description: Path `description` is required., created_by: Path `created_by` is required.
2025-01-16 11:27:55 [ERROR]: Create project error: Project validation failed: name: Path `name` is required., description: Path `description` is required., created_by: Path `created_by` is required.
2025-01-16 11:27:55 [ERROR]: Create project error: Project validation failed: name: Path `name` is required., description: Path `description` is required., created_by: Path `created_by` is required.
2025-01-16 11:27:56 [ERROR]: Create project error: Project validation failed: name: Path `name` is required., description: Path `description` is required., created_by: Path `created_by` is required.
2025-01-16 11:27:56 [ERROR]: Create project error: Project validation failed: name: Path `name` is required., description: Path `description` is required., created_by: Path `created_by` is required.
2025-01-16 11:27:56 [ERROR]: Create project error: Project validation failed: name: Path `name` is required., description: Path `description` is required., created_by: Path `created_by` is required.
2025-01-16 11:27:56 [ERROR]: Create project error: Project validation failed: name: Path `name` is required., description: Path `description` is required., created_by: Path `created_by` is required.
2025-01-16 11:28:16 [ERROR]: Create project error: Project validation failed: name: Path `name` is required., description: Path `description` is required., created_by: Path `created_by` is required.
2025-01-16 11:28:17 [ERROR]: Create project error: Project validation failed: name: Path `name` is required., description: Path `description` is required., created_by: Path `created_by` is required.
2025-01-16 11:29:55 [ERROR]: Create project error: Project validation failed: created_by: Path `created_by` is required.
2025-01-16 11:31:30 [ERROR]: Create project error: Project validation failed: created_by: Path `created_by` is required.
2025-01-16 11:31:32 [ERROR]: Create project error: Project validation failed: name: Path `name` is required., description: Path `description` is required., created_by: Path `created_by` is required.
2025-01-16 11:31:33 [ERROR]: Create project error: Project validation failed: name: Path `name` is required., description: Path `description` is required., created_by: Path `created_by` is required.
2025-01-16 11:31:33 [ERROR]: Create project error: Project validation failed: name: Path `name` is required., description: Path `description` is required., created_by: Path `created_by` is required.
2025-01-16 11:31:33 [ERROR]: Create project error: Project validation failed: name: Path `name` is required., description: Path `description` is required., created_by: Path `created_by` is required.
2025-01-16 11:31:33 [ERROR]: Create project error: Project validation failed: name: Path `name` is required., description: Path `description` is required., created_by: Path `created_by` is required.
2025-01-16 11:31:33 [ERROR]: Create project error: Project validation failed: name: Path `name` is required., description: Path `description` is required., created_by: Path `created_by` is required.
2025-01-16 11:31:33 [ERROR]: Create project error: Project validation failed: name: Path `name` is required., description: Path `description` is required., created_by: Path `created_by` is required.
2025-01-16 11:31:34 [ERROR]: Create project error: Project validation failed: name: Path `name` is required., description: Path `description` is required., created_by: Path `created_by` is required.
2025-01-16 11:31:34 [ERROR]: Create project error: Project validation failed: name: Path `name` is required., description: Path `description` is required., created_by: Path `created_by` is required.
2025-01-16 11:31:34 [ERROR]: Create project error: Project validation failed: name: Path `name` is required., description: Path `description` is required., created_by: Path `created_by` is required.
2025-01-16 11:31:34 [ERROR]: Create project error: Project validation failed: name: Path `name` is required., description: Path `description` is required., created_by: Path `created_by` is required.
2025-01-16 11:31:34 [ERROR]: Create project error: Project validation failed: name: Path `name` is required., description: Path `description` is required., created_by: Path `created_by` is required.
2025-01-16 11:32:06 [ERROR]: Create project error: Project validation failed: name: Path `name` is required., description: Path `description` is required., created_by: Path `created_by` is required.
2025-01-16 11:32:13 [ERROR]: Create project error: Project validation failed: name: Path `name` is required., description: Path `description` is required., created_by: Path `created_by` is required.
2025-01-16 11:32:14 [ERROR]: Create project error: Project validation failed: name: Path `name` is required., description: Path `description` is required., created_by: Path `created_by` is required.
2025-01-16 11:34:08 [ERROR]: Create project error: Project validation failed: created_by: Path `created_by` is required.
2025-01-16 11:35:15 [ERROR]: Create project error: Project validation failed: name: Path `name` is required., description: Path `description` is required., created_by: Path `created_by` is required.
2025-01-16 13:11:37 [ERROR]: Delete project error: Cannot set headers after they are sent to the client
2025-01-16 15:27:10 [ERROR]: Error fetching lists: Schema hasn't been registered for model "Card".
Use mongoose.model(name, schema)
2025-01-16 15:28:44 [ERROR]: Error fetching lists: Cannot populate path `cards` because it is not in your schema. Set the `strictPopulate` option to false to override.
2025-01-16 15:36:29 [ERROR]: Error fetching lists: Cannot populate path `Task` because it is not in your schema. Set the `strictPopulate` option to false to override.
2025-01-16 15:39:39 [ERROR]: Error creating task: List is not defined
2025-01-16 16:04:06 [ERROR]: Get project by ID error: Cannot populate path `lists` because it is not in your schema. Set the `strictPopulate` option to false to override.
2025-01-16 16:19:51 [ERROR]: Get project by ID error: Cannot populate path `task` because it is not in your schema. Set the `strictPopulate` option to false to override.
2025-01-16 23:37:11 [ERROR]: Error creating member: Cannot read properties of undefined (reading 'length')
2025-01-16 23:39:08 [ERROR]: Error creating member: Member validation failed: user: Path `user` is required.
2025-01-17 00:22:56 [ERROR]: Error moving task: deletedTask is not defined
2025-01-17 09:05:44 [ERROR]: Get projects error: Cannot read properties of undefined (reading 'user')
2025-01-17 09:08:43 [ERROR]: Get projects error: res is not defined
2025-01-17 14:43:21 [ERROR]: Error creating notification: Cannot read properties of undefined (reading 'map')
2025-01-17 14:44:11 [ERROR]: Error creating notification: Cannot read properties of undefined (reading 'map')
2025-01-17 14:46:17 [ERROR]: Error creating notification: Cannot read properties of undefined (reading 'map')
2025-01-17 14:55:22 [ERROR]: Error fetching notifications: Cannot populate path `NotificationRecipient` because it is not in your schema. Set the `strictPopulate` option to false to override.
2025-01-17 19:25:34 [ERROR]: Error updating task: Cast to date failed for value "2025-01-18T11:30:00.000Z:00.000Z" (type string) at path "endDate"
2025-01-17 19:26:06 [ERROR]: Error updating task: Cast to date failed for value "2025-01-24T02:10:00.000Z:00.000Z" (type string) at path "startDate"
2025-01-17 19:27:55 [ERROR]: Error updating task: Cast to date failed for value "2025-01-22T12:31:00.000Z:00.000Z" (type string) at path "endDate"
2025-01-17 19:33:32 [ERROR]: Error updating task: Cast to date failed for value "2025-01-17T12:00:18.852Z:00.000Z" (type string) at path "startDate"
2025-01-17 19:33:39 [ERROR]: Error updating task: Cast to date failed for value "2025-01-17T12:00:18.852Z:00.000Z" (type string) at path "startDate"
2025-01-17 19:37:55 [ERROR]: Error updating task: Cast to date failed for value "2025-01-17T12:00:18.852Z:00.000Z" (type string) at path "startDate"
2025-01-17 19:39:53 [ERROR]: Error updating task: Cast to date failed for value "2025-01-17T12:00:18.852Z:00.000Z" (type string) at path "startDate"
2025-01-17 19:40:34 [ERROR]: Error updating task: Cast to date failed for value "2025-01-17T12:00:18.852Z:00.000Z" (type string) at path "startDate"
2025-01-17 19:42:25 [ERROR]: Error updating task: Cast to date failed for value "2025-01-17T12:00:18.000Z:00.000Z" (type string) at path "startDate"
2025-01-21 23:49:36 [ERROR]: Get project by ID error: Cannot read properties of null (reading '_id')
2025-01-21 23:49:36 [ERROR]: Get project by ID error: Cannot read properties of null (reading '_id')
2025-01-22 11:10:50 [ERROR]: Get project by ID error: Cannot read properties of null (reading '_id')
2025-01-22 11:10:50 [ERROR]: Get project by ID error: Cannot read properties of null (reading '_id')
2025-01-22 11:10:53 [ERROR]: Get project by ID error: Cannot read properties of null (reading '_id')
2025-01-22 11:10:53 [ERROR]: Get project by ID error: Cannot read properties of null (reading '_id')
2025-01-22 11:16:20 [ERROR]: Get project by ID error: Cast to ObjectId failed for value "asd á dá da sd á dá a s á dá da sasdas dádasdasdasd á dá đá asd á a s dá dá a sdas d" (type string) at path "_id" for model "Project"
2025-01-22 11:16:20 [ERROR]: Get project by ID error: Cast to ObjectId failed for value "asd á dá da sd á dá a s á dá da sasdas dádasdasdasd á dá đá asd á a s dá dá a sdas d" (type string) at path "_id" for model "Project"
2025-01-22 11:16:25 [ERROR]: Get project by ID error: Cast to ObjectId failed for value "asd á dá da sd á dá a s á dá da sasdas dádasdasdasd á dá đá asd á a s dá dá a sdas d" (type string) at path "_id" for model "Project"
2025-01-22 11:16:25 [ERROR]: Get project by ID error: Cast to ObjectId failed for value "asd á dá da sd á dá a s á dá da sasdas dádasdasdasd á dá đá asd á a s dá dá a sdas d" (type string) at path "_id" for model "Project"
2025-02-04 17:30:52 [ERROR]: Get project by ID error: Cast to ObjectId failed for value "undefined" (type string) at path "_id" for model "Project"
2025-02-04 17:50:53 [ERROR]: Get project by ID error: Cannot read properties of null (reading '_id')
2025-02-04 18:58:51 [ERROR]: Error creating task: project is not defined
2025-02-04 18:59:11 [ERROR]: Error creating task: project is not defined
2025-02-04 18:59:27 [ERROR]: Error creating task: Task validation failed: _id: Cast to ObjectId failed for value "Promise { <pending> }" (type Promise) at path "_id" because of "BSONError"
2025-02-04 19:00:05 [ERROR]: Error creating task: Task validation failed: _id: Cast to ObjectId failed for value "TL001" (type string) at path "_id" because of "BSONError"
2025-02-05 08:56:10 [ERROR]: Error moving task: Task validation failed: identifier: Path `identifier` is required.
2025-02-05 08:56:17 [ERROR]: Error moving task: Task validation failed: identifier: Path `identifier` is required.
2025-02-05 08:56:25 [ERROR]: Error moving task: Task validation failed: identifier: Path `identifier` is required.
2025-02-05 08:56:31 [ERROR]: Error moving task: Task validation failed: identifier: Path `identifier` is required.
2025-02-05 09:04:09 [ERROR]: Error moving task: Task validation failed: identifier: Path `identifier` is required.
2025-02-05 09:26:56 [ERROR]: Error fetching task by ID: Cast to ObjectId failed for value "TL002" (type string) at path "_id" for model "Task"
2025-02-05 09:27:13 [ERROR]: Error fetching task by ID: Cast to ObjectId failed for value "TL002" (type string) at path "_id" for model "Task"
2025-02-05 09:28:29 [ERROR]: Error fetching task by ID: Cast to ObjectId failed for value "TL002" (type string) at path "_id" for model "Task"
2025-02-05 09:28:55 [ERROR]: Error fetching task by ID: Cast to ObjectId failed for value "TL002" (type string) at path "_id" for model "Task"
2025-02-09 15:05:35 [ERROR]: Error moving task: Task validation failed: identifier: Path `identifier` is required.
2025-02-09 15:05:46 [ERROR]: Error moving task: Task validation failed: identifier: Path `identifier` is required.
2025-02-09 15:06:43 [ERROR]: Error moving task: Task validation failed: identifier: Path `identifier` is required.
2025-02-09 15:07:17 [ERROR]: Error moving task: Task validation failed: identifier: Path `identifier` is required.
2025-02-09 15:18:12 [ERROR]: Error retrieving members by project ID: read ECONNRESET
2025-02-09 15:18:12 [ERROR]: Error retrieving members by project ID: read ECONNRESET
2025-02-09 15:32:37 [ERROR]: Error moving task: Task validation failed: identifier: Path `identifier` is required.
2025-02-09 15:33:27 [ERROR]: Error moving task: Task validation failed: identifier: Path `identifier` is required.
2025-02-09 15:33:42 [ERROR]: Error moving task: Task validation failed: identifier: Path `identifier` is required.
2025-02-09 15:33:47 [ERROR]: Error moving task: Task validation failed: identifier: Path `identifier` is required.
2025-02-09 15:34:05 [ERROR]: Error moving task: Task validation failed: identifier: Path `identifier` is required.
2025-02-09 20:39:29 [ERROR]: Error fetching notifications: userId is not defined
2025-02-09 20:40:08 [ERROR]: Error fetching notifications: userId is not defined
2025-02-10 17:40:11 [ERROR]: Get project by ID error: Cast to ObjectId failed for value "undefined" (type string) at path "_id" for model "Project"
2025-02-10 17:40:11 [ERROR]: Error retrieving tasks by project ID: Cast to ObjectId failed for value "undefined" (type string) at path "projectId" for model "List"
2025-02-10 17:40:11 [ERROR]: Error retrieving members by project ID: Cast to ObjectId failed for value "undefined" (type string) at path "projectId" for model "Member"
2025-02-10 23:08:34 [ERROR]: Error fetching notifications: Notification.find(...).populate(...).exec(...).sort is not a function
